(0000) 2600  0010011000000000 (   6)                 .ORIG x2600
(2600) 3019  0011000000011001 (   8)                 ST    R0 SR0
(2601) 3219  0011001000011001 (   9)                 ST    R1 SR1
(2602) A011  1010000000010001 (  11)                 LDI   R0 KBDR
(2603) 2211  0010001000010001 (  14)                 LD    R1 NEGA
(2604) 1201  0001001000000001 (  15)                 ADD   R1 R0 R1
(2605) 040A  0000010000001010 (  16)                 BRZ   Valid
(2606) 220F  0010001000001111 (  19)                 LD    R1 NEGC
(2607) 1201  0001001000000001 (  20)                 ADD   R1 R0 R1
(2608) 0407  0000010000000111 (  21)                 BRZ   Valid
(2609) 220D  0010001000001101 (  24)                 LD    R1 NEGG
(260A) 1201  0001001000000001 (  25)                 ADD   R1 R0 R1
(260B) 0404  0000010000000100 (  26)                 BRZ   Valid
(260C) 220B  0010001000001011 (  29)                 LD    R1 NEGU
(260D) 1201  0001001000000001 (  30)                 ADD   R1 R0 R1
(260E) 0401  0000010000000001 (  31)                 BRZ   Valid
(260F) 0E01  0000111000000001 (  33)                 BRNZP Invalid
(2610) B008  1011000000001000 (  36) Valid           STI   R0 MAILIN
(2611) 2008  0010000000001000 (  39) Invalid         LD    R0 SR0
(2612) 2208  0010001000001000 (  40)                 LD    R1 SR1
(2613) 8000  1000000000000000 (  41)                 RTI   
(2614) FE02  1111111000000010 (  43) KBDR            .FILL xFE02
(2615) FFBF  1111111110111111 (  44) NEGA            .FILL xFFBF
(2616) FFBD  1111111110111101 (  45) NEGC            .FILL xFFBD
(2617) FFB9  1111111110111001 (  46) NEGG            .FILL xFFB9
(2618) FFAB  1111111110101011 (  47) NEGU            .FILL xFFAB
(2619) 4600  0100011000000000 (  48) MAILIN          .FILL x4600
(261A) 0000  0000000000000000 (  50) SR0             .FILL x0000
(261B) 0000  0000000000000000 (  52) SR1             .FILL x0000
