(0000) 4000  0100000000000000 (   7)                 .ORIG x4000
(4000) 2C60  0010110001100000 (  10)                 LD    R6 Stack
(4001) 2061  0010000001100001 (  14)                 LD    R0 INTERRUPT
(4002) B05F  1011000001011111 (  15)                 STI   R0 IVT
(4003) 5020  0101000000100000 (  18)                 AND   R0 R0 #0
(4004) 5260  0101001001100000 (  19)                 AND   R1 R1 #0
(4005) 54A0  0101010010100000 (  20)                 AND   R2 R2 #0
(4006) 56E0  0101011011100000 (  21)                 AND   R3 R3 #0
(4007) 5920  0101100100100000 (  22)                 AND   R4 R4 #0
(4008) 205B  0010000001011011 (  24)                 LD    R0 KBENABLE
(4009) B05B  1011000001011011 (  25)                 STI   R0 KBSR
(400A) 205B  0010000001011011 (  29) loop            LD    R0 MAILOUT
(400B) 6000  0110000000000000 (  30)                 LDR   R0 R0 #0
(400C) 56E0  0101011011100000 (  32)                 AND   R3 R3 #0
(400D) 245A  0010010001011010 (  33)                 LD    R2 NEGA
(400E) 1480  0001010010000000 (  34)                 ADD   R2 R2 R0
(400F) 09FA  0000100111111010 (  35)                 BRN   loop
(4010) 167F  0001011001111111 (  36)                 ADD   R3 R1 #-1
(4011) 040E  0000010000001110 (  37)                 BRZ   Utwo
(4012) 56E0  0101011011100000 (  38)                 AND   R3 R3 #0
(4013) 167E  0001011001111110 (  39)                 ADD   R3 R1 #-2
(4014) 0415  0000010000010101 (  40)                 BRZ   Gthree
(4015) 167D  0001011001111101 (  41)                 ADD   R3 R1 #-3
(4016) 041C  0000010000011100 (  42)                 BRZ   insideStart
(4017) 14A0  0001010010100000 (  43)                 ADD   R2 R2 #0
(4018) 0403  0000010000000011 (  44)                 BRZ   Aone
(4019) F021  1111000000100001 (  47) noOrder         TRAP  x21
(401A) 5260  0101001001100000 (  48)                 AND   R1 R1 #0
(401B) 0E3E  0000111000111110 (  49)                 BRNZP reset
(401C) F021  1111000000100001 (  52) Aone            TRAP  x21
(401D) 5260  0101001001100000 (  53)                 AND   R1 R1 #0
(401E) 1261  0001001001100001 (  54)                 ADD   R1 R1 #1
(401F) 0E3A  0000111000111010 (  55)                 BRNZP reset
(4020) 2447  0010010001000111 (  58) Utwo            LD    R2 NEGA
(4021) 1480  0001010010000000 (  59)                 ADD   R2 R2 R0
(4022) 05F9  0000010111111001 (  60)                 BRZ   Aone
(4023) 2447  0010010001000111 (  61)                 LD    R2 NEGU
(4024) 1480  0001010010000000 (  62)                 ADD   R2 R2 R0
(4025) 0BF3  0000101111110011 (  63)                 BRNP  noOrder
(4026) F021  1111000000100001 (  64)                 TRAP  x21
(4027) 5260  0101001001100000 (  65)                 AND   R1 R1 #0
(4028) 1262  0001001001100010 (  66)                 ADD   R1 R1 #2
(4029) 0E30  0000111000110000 (  67)                 BRNZP reset
(402A) 243F  0010010000111111 (  70) Gthree          LD    R2 NEGG
(402B) 1480  0001010010000000 (  71)                 ADD   R2 R2 R0
(402C) 0BEC  0000101111101100 (  72)                 BRNP  noOrder
(402D) F021  1111000000100001 (  73)                 TRAP  x21
(402E) 5260  0101001001100000 (  74)                 AND   R1 R1 #0
(402F) 1263  0001001001100011 (  75)                 ADD   R1 R1 #3
(4030) 203B  0010000000111011 (  76)                 LD    R0 pipe
(4031) F021  1111000000100001 (  77)                 TRAP  x21
(4032) 0E27  0000111000100111 (  78)                 BRNZP reset
(4033) 2437  0010010000110111 (  81) insideStart     LD    R2 NEGU
(4034) 56E0  0101011011100000 (  82)                 AND   R3 R3 #0
(4035) 1480  0001010010000000 (  83)                 ADD   R2 R2 R0
(4036) 0408  0000010000001000 (  84)                 BRZ   Uend
(4037) 173F  0001011100111111 (  85)                 ADD   R3 R4 #-1
(4038) 040A  0000010000001010 (  86)                 BRZ   AGend
(4039) 56E0  0101011011100000 (  87)                 AND   R3 R3 #0
(403A) 173E  0001011100111110 (  88)                 ADD   R3 R4 #-2
(403B) 0413  0000010000010011 (  89)                 BRZ   Finale
(403C) F021  1111000000100001 (  92) RandomJunk      TRAP  x21
(403D) 5820  0101100000100000 (  93)                 AND   R4 R0 #0
(403E) 0E1B  0000111000011011 (  94)                 BRNZP reset
(403F) F021  1111000000100001 (  97) Uend            TRAP  x21
(4040) 5920  0101100100100000 (  98)                 AND   R4 R4 #0
(4041) 1921  0001100100100001 (  99)                 ADD   R4 R4 #1
(4042) 0E17  0000111000010111 ( 100)                 BRNZP reset
(4043) 2424  0010010000100100 ( 103) AGend           LD    R2 NEGA
(4044) 1480  0001010010000000 ( 104)                 ADD   R2 R2 R0
(4045) 0404  0000010000000100 ( 105)                 BRZ   GAend
(4046) 2423  0010010000100011 ( 106)                 LD    R2 NEGG
(4047) 1480  0001010010000000 ( 107)                 ADD   R2 R2 R0
(4048) 0401  0000010000000001 ( 108)                 BRZ   GAend
(4049) 0FF2  0000111111110010 ( 109)                 BRNZP RandomJunk
(404A) 301C  0011000000011100 ( 112) GAend           ST    R0 SECONDCHAR
(404B) F021  1111000000100001 ( 113)                 TRAP  x21
(404C) 5920  0101100100100000 ( 114)                 AND   R4 R4 #0
(404D) 1922  0001100100100010 ( 115)                 ADD   R4 R4 #2
(404E) 0E0B  0000111000001011 ( 116)                 BRNZP reset
(404F) 2418  0010010000011000 ( 119) Finale          LD    R2 NEGA
(4050) 1480  0001010010000000 ( 120)                 ADD   R2 R2 R0
(4051) 040B  0000010000001011 ( 121)                 BRZ   bye
(4052) 2A14  0010101000010100 ( 122)                 LD    R5 SECONDCHAR
(4053) 2414  0010010000010100 ( 123)                 LD    R2 NEGA
(4054) 1485  0001010010000101 ( 124)                 ADD   R2 R2 R5
(4055) 0401  0000010000000001 ( 125)                 BRZ   Gend
(4056) 0FE5  0000111111100101 ( 126)                 BRNZP RandomJunk
(4057) 2412  0010010000010010 ( 129) Gend            LD    R2 NEGG
(4058) 1480  0001010010000000 ( 130)                 ADD   R2 R2 R0
(4059) 0403  0000010000000011 ( 131)                 BRZ   bye
(405A) 5020  0101000000100000 ( 134) reset           AND   R0 R0 #0
(405B) B00A  1011000000001010 ( 135)                 STI   R0 MAILOUT
(405C) 0FAD  0000111110101101 ( 136)                 BRNZP loop
(405D) F021  1111000000100001 ( 139) bye             TRAP  x21
(405E) 5020  0101000000100000 ( 140)                 AND   R0 R0 #0
(405F) B006  1011000000000110 ( 141)                 STI   R0 MAILOUT
(4060) F025  1111000000100101 ( 142)                 TRAP  x25
(4061) 4000  0100000000000000 ( 145) Stack           .FILL x4000
(4062) 0180  0000000110000000 ( 146) IVT             .FILL x0180
(4063) 2600  0010011000000000 ( 147) INTERRUPT       .FILL x2600
(4064) 4000  0100000000000000 ( 148) KBENABLE        .FILL x4000
(4065) FE00  1111111000000000 ( 149) KBSR            .FILL xFE00
(4066) 4600  0100011000000000 ( 150) MAILOUT         .FILL x4600
(4067) 0000  0000000000000000 ( 152) SECONDCHAR      .FILL x0000
(4068) FFBF  1111111110111111 ( 152) NEGA            .FILL xFFBF
(4069) FFBD  1111111110111101 ( 153) NEGC            .FILL xFFBD
(406A) FFB9  1111111110111001 ( 154) NEGG            .FILL xFFB9
(406B) FFAB  1111111110101011 ( 155) NEGU            .FILL xFFAB
(406C) 007C  0000000001111100 ( 156) pipe            .FILL x007C
